<table name="Airlines" keyClass="Long">
	<column name="id" type="Long"/>
	<column name="name" type ="String"/>
</table>